2026-06-15 21:03:56,089 [INFO] medical_rag: ========================================
2026-06-15 21:03:56,089 [INFO] medical_rag: 初始化流式 RAG 系统...
2026-06-15 21:03:56,090 [INFO] medical_rag: 未检测到有效缓存，开始构建...
2026-06-15 21:03:56,090 [INFO] medical_rag: 正在扫描 PDF 文件...
2026-06-15 21:03:56,090 [INFO] medical_rag: 准备处理 3 个文件...
2026-06-15 21:03:56,091 [INFO] medical_rag: [1/3] 正在处理：66B54674-B458-04E8-756D-166FAACFEBAF.pdf
2026-06-15 21:03:56,693 [DEBUG] medical_rag:   提取 9 个文本切片
2026-06-15 21:03:56,693 [INFO] medical_rag: [2/3] 正在处理：1737182597255084647.pdf
2026-06-15 21:03:57,145 [DEBUG] medical_rag:   提取 50 个文本切片
2026-06-15 21:03:57,145 [INFO] medical_rag: [3/3] 正在处理：1660544008081.pdf
2026-06-15 21:03:57,786 [DEBUG] medical_rag:   提取 45 个文本切片
2026-06-15 21:03:57,787 [INFO] medical_rag: PDF 处理完成！耗时 1.70 秒，共 21 个文档，104 个文本切片
2026-06-15 21:03:57,787 [DEBUG] medical_rag: 第一个切片预览: · ·中国中西医结合皮肤性病学杂志 2020 年
第 19 卷
第 3 期
脂溢性皮炎中医治疗专家共识
中华中医药学会皮肤科分会
关键词：脂溢性皮炎；
中医；专家共识
中图分类号：R758.32 文献...
2026-06-15 21:03:57,787 [INFO] medical_rag: 正在构建向量知识库...
2026-06-15 21:04:04,696 [INFO] medical_rag: 向量数据库构建完成！耗时 6.91 秒
2026-06-15 21:04:04,697 [INFO] medical_rag: 启用混合检索 + 重排序模式
2026-06-15 21:04:04,698 [INFO] medical_rag: 构建混合检索器 + 重排序...
2026-06-15 21:04:04,698 [INFO] medical_rag: 参数: BM25权重=0.3, 向量权重=0.7, 召回=8, 重排序保留=4
2026-06-15 21:04:09,753 [WARNING] medical_rag: HuggingFace 不可达，跳过重排序模型下载
2026-06-15 21:04:09,792 [INFO] medical_rag: 流式 RAG 初始化完成，总耗时 13.70 秒
2026-06-16 01:06:01,479 [INFO] medical_rag: ========================================
2026-06-16 01:06:01,479 [INFO] medical_rag: 初始化检索器...
2026-06-16 01:06:01,479 [INFO] medical_rag: 未检测到有效缓存，开始构建...
2026-06-16 01:06:01,479 [INFO] medical_rag: 正在扫描 PDF 文件...
2026-06-16 01:06:01,479 [INFO] medical_rag: 准备处理 3 个文件...
2026-06-16 01:06:01,480 [INFO] medical_rag: [1/3] 正在处理：66B54674-B458-04E8-756D-166FAACFEBAF.pdf
2026-06-16 01:06:01,697 [DEBUG] medical_rag:   提取 9 个文本切片
2026-06-16 01:06:01,697 [INFO] medical_rag: [2/3] 正在处理：1737182597255084647.pdf
2026-06-16 01:06:02,239 [DEBUG] medical_rag:   提取 50 个文本切片
2026-06-16 01:06:02,240 [INFO] medical_rag: [3/3] 正在处理：1660544008081.pdf
2026-06-16 01:06:02,834 [DEBUG] medical_rag:   提取 45 个文本切片
2026-06-16 01:06:02,835 [INFO] medical_rag: PDF 处理完成！耗时 1.36 秒，共 21 个文档，104 个文本切片
2026-06-16 01:06:02,835 [DEBUG] medical_rag: 第一个切片预览: · ·中国中西医结合皮肤性病学杂志 2020 年
第 19 卷
第 3 期
脂溢性皮炎中医治疗专家共识
中华中医药学会皮肤科分会
关键词：脂溢性皮炎；
中医；专家共识
中图分类号：R758.32 文献...
2026-06-16 01:06:02,835 [INFO] medical_rag: 正在构建向量知识库...
2026-06-16 01:10:36,733 [INFO] medical_rag: ========================================
2026-06-16 01:10:36,733 [INFO] medical_rag: 初始化检索器...
2026-06-16 01:10:36,733 [INFO] medical_rag: 未检测到有效缓存，开始构建...
2026-06-16 01:10:36,733 [INFO] medical_rag: 正在扫描 PDF 文件...
2026-06-16 01:10:36,733 [INFO] medical_rag: 准备处理 3 个文件...
2026-06-16 01:10:36,733 [INFO] medical_rag: [1/3] 正在处理：66B54674-B458-04E8-756D-166FAACFEBAF.pdf
2026-06-16 01:10:36,876 [DEBUG] medical_rag:   提取 9 个文本切片
2026-06-16 01:10:36,876 [INFO] medical_rag: [2/3] 正在处理：1737182597255084647.pdf
2026-06-16 01:10:37,341 [DEBUG] medical_rag:   提取 50 个文本切片
2026-06-16 01:10:37,342 [INFO] medical_rag: [3/3] 正在处理：1660544008081.pdf
2026-06-16 01:10:37,839 [DEBUG] medical_rag:   提取 45 个文本切片
2026-06-16 01:10:37,839 [INFO] medical_rag: PDF 处理完成！耗时 1.11 秒，共 21 个文档，104 个文本切片
2026-06-16 01:10:37,839 [DEBUG] medical_rag: 第一个切片预览: · ·中国中西医结合皮肤性病学杂志 2020 年
第 19 卷
第 3 期
脂溢性皮炎中医治疗专家共识
中华中医药学会皮肤科分会
关键词：脂溢性皮炎；
中医；专家共识
中图分类号：R758.32 文献...
2026-06-16 01:10:37,839 [INFO] medical_rag: 正在构建向量知识库...
2026-06-16 01:11:24,251 [INFO] medical_rag: ========================================
2026-06-16 01:11:24,252 [INFO] medical_rag: 初始化检索器...
2026-06-16 01:11:24,252 [INFO] medical_rag: 未检测到有效缓存，开始构建...
2026-06-16 01:11:24,252 [INFO] medical_rag: 正在扫描 PDF 文件...
2026-06-16 01:11:24,252 [INFO] medical_rag: 准备处理 3 个文件...
2026-06-16 01:11:24,252 [INFO] medical_rag: [1/3] 正在处理：66B54674-B458-04E8-756D-166FAACFEBAF.pdf
2026-06-16 01:11:24,351 [DEBUG] medical_rag:   提取 9 个文本切片
2026-06-16 01:11:24,351 [INFO] medical_rag: [2/3] 正在处理：1737182597255084647.pdf
2026-06-16 01:11:24,662 [DEBUG] medical_rag:   提取 50 个文本切片
2026-06-16 01:11:24,662 [INFO] medical_rag: [3/3] 正在处理：1660544008081.pdf
2026-06-16 01:11:25,155 [DEBUG] medical_rag:   提取 45 个文本切片
2026-06-16 01:11:25,156 [INFO] medical_rag: PDF 处理完成！耗时 0.90 秒，共 21 个文档，104 个文本切片
2026-06-16 01:11:25,156 [DEBUG] medical_rag: 第一个切片预览: · ·中国中西医结合皮肤性病学杂志 2020 年
第 19 卷
第 3 期
脂溢性皮炎中医治疗专家共识
中华中医药学会皮肤科分会
关键词：脂溢性皮炎；
中医；专家共识
中图分类号：R758.32 文献...
2026-06-16 01:11:25,156 [INFO] medical_rag: 正在构建向量知识库...
2026-06-16 01:16:59,650 [INFO] medical_rag: ========================================
2026-06-16 01:16:59,650 [INFO] medical_rag: 初始化检索器...
2026-06-16 01:16:59,651 [INFO] medical_rag: 未检测到有效缓存，开始构建...
2026-06-16 01:16:59,651 [INFO] medical_rag: 正在扫描 PDF 文件...
2026-06-16 01:16:59,651 [INFO] medical_rag: 准备处理 3 个文件...
2026-06-16 01:16:59,651 [INFO] medical_rag: [1/3] 正在处理：66B54674-B458-04E8-756D-166FAACFEBAF.pdf
2026-06-16 01:16:59,786 [DEBUG] medical_rag:   提取 9 个文本切片
2026-06-16 01:16:59,786 [INFO] medical_rag: [2/3] 正在处理：1737182597255084647.pdf
2026-06-16 01:17:00,244 [DEBUG] medical_rag:   提取 50 个文本切片
2026-06-16 01:17:00,244 [INFO] medical_rag: [3/3] 正在处理：1660544008081.pdf
2026-06-16 01:17:00,736 [DEBUG] medical_rag:   提取 45 个文本切片
2026-06-16 01:17:00,736 [INFO] medical_rag: PDF 处理完成！耗时 1.08 秒，共 21 个文档，104 个文本切片
2026-06-16 01:17:00,736 [DEBUG] medical_rag: 第一个切片预览: · ·中国中西医结合皮肤性病学杂志 2020 年
第 19 卷
第 3 期
脂溢性皮炎中医治疗专家共识
中华中医药学会皮肤科分会
关键词：脂溢性皮炎；
中医；专家共识
中图分类号：R758.32 文献...
2026-06-16 01:17:00,736 [INFO] medical_rag: 正在构建向量知识库...
2026-06-16 01:23:10,390 [INFO] medical_rag: ========================================
2026-06-16 01:23:10,390 [INFO] medical_rag: 初始化检索器...
2026-06-16 01:23:10,391 [INFO] medical_rag: 未检测到有效缓存，开始构建...
2026-06-16 01:23:10,391 [INFO] medical_rag: 正在扫描 PDF 文件...
2026-06-16 01:23:10,391 [INFO] medical_rag: 准备处理 3 个文件...
2026-06-16 01:23:10,391 [INFO] medical_rag: [1/3] 正在处理：66B54674-B458-04E8-756D-166FAACFEBAF.pdf
2026-06-16 01:23:10,531 [DEBUG] medical_rag:   提取 9 个文本切片
2026-06-16 01:23:10,531 [INFO] medical_rag: [2/3] 正在处理：1737182597255084647.pdf
2026-06-16 01:23:10,993 [DEBUG] medical_rag:   提取 50 个文本切片
2026-06-16 01:23:10,993 [INFO] medical_rag: [3/3] 正在处理：1660544008081.pdf
2026-06-16 01:23:11,497 [DEBUG] medical_rag:   提取 45 个文本切片
2026-06-16 01:23:11,497 [INFO] medical_rag: PDF 处理完成！耗时 1.11 秒，共 21 个文档，104 个文本切片
2026-06-16 01:23:11,497 [DEBUG] medical_rag: 第一个切片预览: · ·中国中西医结合皮肤性病学杂志 2020 年
第 19 卷
第 3 期
脂溢性皮炎中医治疗专家共识
中华中医药学会皮肤科分会
关键词：脂溢性皮炎；
中医；专家共识
中图分类号：R758.32 文献...
2026-06-16 01:23:11,497 [INFO] medical_rag: 正在构建向量知识库...
2026-06-16 01:25:01,114 [INFO] medical_rag: 从本地路径加载 embedding: /home/kulolo/RAGE/my_models/hub/models--shibing624--text2vec-base-chinese/snapshots/183bb99aa7af74355fb58d16edf8c13ae7c5433e
2026-06-16 01:27:06,282 [INFO] medical_rag: ========================================
2026-06-16 01:27:06,282 [INFO] medical_rag: 初始化检索器...
2026-06-16 01:27:06,282 [INFO] medical_rag: 未检测到有效缓存，开始构建...
2026-06-16 01:27:06,282 [INFO] medical_rag: 正在扫描 PDF 文件...
2026-06-16 01:27:06,283 [INFO] medical_rag: 准备处理 3 个文件...
2026-06-16 01:27:06,283 [INFO] medical_rag: [1/3] 正在处理：66B54674-B458-04E8-756D-166FAACFEBAF.pdf
2026-06-16 01:27:06,425 [DEBUG] medical_rag:   提取 9 个文本切片
2026-06-16 01:27:06,425 [INFO] medical_rag: [2/3] 正在处理：1737182597255084647.pdf
2026-06-16 01:27:06,895 [DEBUG] medical_rag:   提取 50 个文本切片
2026-06-16 01:27:06,895 [INFO] medical_rag: [3/3] 正在处理：1660544008081.pdf
2026-06-16 01:27:07,526 [DEBUG] medical_rag:   提取 45 个文本切片
2026-06-16 01:27:07,526 [INFO] medical_rag: PDF 处理完成！耗时 1.24 秒，共 21 个文档，104 个文本切片
2026-06-16 01:27:07,526 [DEBUG] medical_rag: 第一个切片预览: · ·中国中西医结合皮肤性病学杂志 2020 年
第 19 卷
第 3 期
脂溢性皮炎中医治疗专家共识
中华中医药学会皮肤科分会
关键词：脂溢性皮炎；
中医；专家共识
中图分类号：R758.32 文献...
2026-06-16 01:27:07,526 [INFO] medical_rag: 正在构建向量知识库...
2026-06-16 01:27:07,526 [INFO] medical_rag: 从本地路径加载 embedding: /home/kulolo/RAGE/my_models/hub/models--shibing624--text2vec-base-chinese/snapshots/183bb99aa7af74355fb58d16edf8c13ae7c5433e
2026-06-16 01:27:14,861 [INFO] medical_rag: 向量数据库构建完成！耗时 7.33 秒
2026-06-16 01:27:14,861 [INFO] medical_rag: 启用混合检索 + 重排序模式
2026-06-16 01:27:14,862 [INFO] medical_rag: 构建混合检索器 + 重排序...
2026-06-16 01:27:14,862 [INFO] medical_rag: 参数: BM25权重=0.3, 向量权重=0.7, 召回=8, 重排序保留=4
2026-06-16 01:27:15,161 [WARNING] medical_rag: HuggingFace 不可达，跳过重排序模型下载
2026-06-16 01:27:15,162 [INFO] medical_rag: 检索器初始化完成，总耗时 8.88 秒
2026-06-16 01:33:14,317 [INFO] medical_rag: ========================================
2026-06-16 01:33:14,317 [INFO] medical_rag: 初始化检索器...
2026-06-16 01:33:14,317 [INFO] medical_rag: 未检测到有效缓存，开始构建...
2026-06-16 01:33:14,318 [INFO] medical_rag: 正在扫描 PDF 文件...
2026-06-16 01:33:14,318 [INFO] medical_rag: 准备处理 3 个文件...
2026-06-16 01:33:14,318 [INFO] medical_rag: [1/3] 正在处理：66B54674-B458-04E8-756D-166FAACFEBAF.pdf
2026-06-16 01:33:14,457 [DEBUG] medical_rag:   提取 9 个文本切片
2026-06-16 01:33:14,457 [INFO] medical_rag: [2/3] 正在处理：1737182597255084647.pdf
2026-06-16 01:33:14,919 [DEBUG] medical_rag:   提取 50 个文本切片
2026-06-16 01:33:14,919 [INFO] medical_rag: [3/3] 正在处理：1660544008081.pdf
2026-06-16 01:33:15,420 [DEBUG] medical_rag:   提取 45 个文本切片
2026-06-16 01:33:15,421 [INFO] medical_rag: PDF 处理完成！耗时 1.10 秒，共 21 个文档，104 个文本切片
2026-06-16 01:33:15,421 [DEBUG] medical_rag: 第一个切片预览: · ·中国中西医结合皮肤性病学杂志 2020 年
第 19 卷
第 3 期
脂溢性皮炎中医治疗专家共识
中华中医药学会皮肤科分会
关键词：脂溢性皮炎；
中医；专家共识
中图分类号：R758.32 文献...
2026-06-16 01:33:15,421 [INFO] medical_rag: 正在构建向量知识库...
2026-06-16 01:33:15,422 [INFO] medical_rag: 从本地路径加载 embedding: /home/kulolo/RAGE/my_models/hub/models--shibing624--text2vec-base-chinese/snapshots/183bb99aa7af74355fb58d16edf8c13ae7c5433e
2026-06-16 01:33:21,002 [INFO] medical_rag: 向量数据库构建完成！耗时 5.58 秒
2026-06-16 01:33:21,003 [INFO] medical_rag: 启用混合检索 + 重排序模式
2026-06-16 01:33:21,004 [INFO] medical_rag: 构建混合检索器 + 重排序...
2026-06-16 01:33:21,004 [INFO] medical_rag: 参数: BM25权重=0.3, 向量权重=0.7, 召回=8, 重排序保留=4
2026-06-16 01:33:26,154 [WARNING] medical_rag: HuggingFace 不可达，跳过重排序模型下载
2026-06-16 01:33:26,155 [INFO] medical_rag: 检索器初始化完成，总耗时 11.84 秒
2026-06-16 01:40:58,185 [INFO] medical_rag: ========================================
2026-06-16 01:40:58,185 [INFO] medical_rag: 初始化检索器...
2026-06-16 01:40:58,186 [INFO] medical_rag: 未检测到有效缓存，开始构建...
2026-06-16 01:40:58,186 [INFO] medical_rag: 正在扫描 PDF 文件...
2026-06-16 01:40:58,186 [INFO] medical_rag: 准备处理 3 个文件...
2026-06-16 01:40:58,186 [INFO] medical_rag: [1/3] 正在处理：66B54674-B458-04E8-756D-166FAACFEBAF.pdf
2026-06-16 01:40:58,335 [DEBUG] medical_rag:   提取 9 个文本切片
2026-06-16 01:40:58,335 [INFO] medical_rag: [2/3] 正在处理：1737182597255084647.pdf
2026-06-16 01:40:58,817 [DEBUG] medical_rag:   提取 50 个文本切片
2026-06-16 01:40:58,817 [INFO] medical_rag: [3/3] 正在处理：1660544008081.pdf
2026-06-16 01:40:59,332 [DEBUG] medical_rag:   提取 45 个文本切片
2026-06-16 01:40:59,332 [INFO] medical_rag: PDF 处理完成！耗时 1.15 秒，共 21 个文档，104 个文本切片
2026-06-16 01:40:59,332 [DEBUG] medical_rag: 第一个切片预览: · ·中国中西医结合皮肤性病学杂志 2020 年
第 19 卷
第 3 期
脂溢性皮炎中医治疗专家共识
中华中医药学会皮肤科分会
关键词：脂溢性皮炎；
中医；专家共识
中图分类号：R758.32 文献...
2026-06-16 01:40:59,332 [INFO] medical_rag: 正在构建向量知识库...
2026-06-16 01:40:59,332 [INFO] medical_rag: 从本地路径加载 embedding: /home/kulolo/RAGE/my_models/hub/models--shibing624--text2vec-base-chinese/snapshots/183bb99aa7af74355fb58d16edf8c13ae7c5433e
2026-06-16 01:41:06,276 [INFO] medical_rag: 向量数据库构建完成！耗时 6.94 秒
2026-06-16 01:41:06,278 [INFO] medical_rag: 启用混合检索 + 重排序模式
2026-06-16 01:41:06,278 [INFO] medical_rag: 构建混合检索器 + 重排序...
2026-06-16 01:41:06,278 [INFO] medical_rag: 参数: BM25权重=0.3, 向量权重=0.7, 召回=8, 重排序保留=4
2026-06-16 01:41:11,728 [WARNING] medical_rag: HuggingFace 不可达，跳过重排序模型下载
2026-06-16 01:41:11,729 [INFO] medical_rag: 检索器初始化完成，总耗时 13.54 秒
2026-06-16 01:42:48,129 [WARNING] medical_rag: 查询重写失败: Error code: 401 - {'error': {'message': 'Authentication Fails, Your api key: ****test is invalid', 'type': 'authentication_error', 'param': None, 'code': 'invalid_request_error'}}，使用原始查询
2026-06-16 01:46:42,432 [INFO] medical_rag: ========================================
2026-06-16 01:46:42,432 [INFO] medical_rag: 初始化检索器...
2026-06-16 01:46:42,432 [INFO] medical_rag: 未检测到有效缓存，开始构建...
2026-06-16 01:46:42,432 [INFO] medical_rag: 正在扫描 PDF 文件...
2026-06-16 01:46:42,432 [INFO] medical_rag: 准备处理 3 个文件...
2026-06-16 01:46:42,432 [INFO] medical_rag: [1/3] 正在处理：66B54674-B458-04E8-756D-166FAACFEBAF.pdf
2026-06-16 01:46:42,570 [DEBUG] medical_rag:   提取 9 个文本切片
2026-06-16 01:46:42,570 [INFO] medical_rag: [2/3] 正在处理：1737182597255084647.pdf
2026-06-16 01:46:43,008 [DEBUG] medical_rag:   提取 50 个文本切片
2026-06-16 01:46:43,008 [INFO] medical_rag: [3/3] 正在处理：1660544008081.pdf
2026-06-16 01:46:43,322 [DEBUG] medical_rag:   提取 45 个文本切片
2026-06-16 01:46:43,323 [INFO] medical_rag: PDF 处理完成！耗时 0.89 秒，共 21 个文档，104 个文本切片
2026-06-16 01:46:43,323 [DEBUG] medical_rag: 第一个切片预览: · ·中国中西医结合皮肤性病学杂志 2020 年
第 19 卷
第 3 期
脂溢性皮炎中医治疗专家共识
中华中医药学会皮肤科分会
关键词：脂溢性皮炎；
中医；专家共识
中图分类号：R758.32 文献...
2026-06-16 01:46:43,323 [INFO] medical_rag: 正在构建向量知识库...
2026-06-16 01:46:43,323 [INFO] medical_rag: 从本地路径加载 embedding: /home/kulolo/RAGE/my_models/hub/models--shibing624--text2vec-base-chinese/snapshots/183bb99aa7af74355fb58d16edf8c13ae7c5433e
2026-06-16 01:46:49,016 [INFO] medical_rag: 向量数据库构建完成！耗时 5.69 秒
2026-06-16 01:46:49,017 [INFO] medical_rag: 启用混合检索 + 重排序模式
2026-06-16 01:46:49,017 [INFO] medical_rag: 构建混合检索器 + 重排序...
2026-06-16 01:46:49,017 [INFO] medical_rag: 参数: BM25权重=0.3, 向量权重=0.7, 召回=8, 重排序保留=4
2026-06-16 01:46:49,168 [WARNING] medical_rag: HuggingFace 不可达，跳过重排序模型下载
2026-06-16 01:46:49,170 [INFO] medical_rag: 检索器初始化完成，总耗时 6.74 秒
2026-06-16 01:53:32,743 [INFO] medical_rag: ========================================
2026-06-16 01:53:32,743 [INFO] medical_rag: 初始化检索器...
2026-06-16 01:53:32,743 [INFO] medical_rag: 未检测到有效缓存，开始构建...
2026-06-16 01:53:32,744 [INFO] medical_rag: 正在扫描 PDF 文件...
2026-06-16 01:53:32,744 [INFO] medical_rag: 准备处理 3 个文件...
2026-06-16 01:53:32,744 [INFO] medical_rag: [1/3] 正在处理：66B54674-B458-04E8-756D-166FAACFEBAF.pdf
2026-06-16 01:53:32,879 [DEBUG] medical_rag:   提取 9 个文本切片
2026-06-16 01:53:32,879 [INFO] medical_rag: [2/3] 正在处理：1737182597255084647.pdf
2026-06-16 01:53:33,351 [DEBUG] medical_rag:   提取 50 个文本切片
2026-06-16 01:53:33,351 [INFO] medical_rag: [3/3] 正在处理：1660544008081.pdf
2026-06-16 01:53:33,869 [DEBUG] medical_rag:   提取 45 个文本切片
2026-06-16 01:53:33,869 [INFO] medical_rag: PDF 处理完成！耗时 1.13 秒，共 21 个文档，104 个文本切片
2026-06-16 01:53:33,869 [DEBUG] medical_rag: 第一个切片预览: · ·中国中西医结合皮肤性病学杂志 2020 年
第 19 卷
第 3 期
脂溢性皮炎中医治疗专家共识
中华中医药学会皮肤科分会
关键词：脂溢性皮炎；
中医；专家共识
中图分类号：R758.32 文献...
2026-06-16 01:53:33,869 [INFO] medical_rag: 正在构建向量知识库...
2026-06-16 01:53:33,870 [INFO] medical_rag: 从本地路径加载 embedding: /home/kulolo/RAGE/my_models/hub/models--shibing624--text2vec-base-chinese/snapshots/183bb99aa7af74355fb58d16edf8c13ae7c5433e
2026-06-16 01:53:39,092 [INFO] medical_rag: 向量数据库构建完成！耗时 5.22 秒
2026-06-16 01:53:39,098 [INFO] medical_rag: 启用混合检索 + 重排序模式
2026-06-16 01:53:39,098 [INFO] medical_rag: 构建混合检索器 + 重排序...
2026-06-16 01:53:39,098 [INFO] medical_rag: 参数: BM25权重=0.3, 向量权重=0.7, 召回=8, 重排序保留=4
2026-06-16 01:53:44,340 [WARNING] medical_rag: HuggingFace 不可达，跳过重排序模型下载
2026-06-16 01:53:44,341 [INFO] medical_rag: 检索器初始化完成，总耗时 11.60 秒
2026-06-16 01:55:45,812 [INFO] medical_rag: 查询重写: '我的问题是它是什么，而不是发病原因' → '脂溢性皮炎是什么'
2026-06-16 01:55:57,647 [INFO] medical_rag: 查询重写: '如何治疗' → '如何治疗脂溢性皮炎'
